[2025-06-04 21:34:21] This is codeql database create db --language python --source-root lambda --overwrite
[2025-06-04 21:34:21] Log file was started late.
[2025-06-04 21:34:21] [PROGRESS] database create> Initializing database at /home/admin/codeql-proj/db.
[2025-06-04 21:34:21] Running plumbing command: codeql database init --overwrite --language=python --extractor-options-verbosity=1 --qlconfig-file=/home/admin/codeql-proj/qlconfig.yml --source-root=/home/admin/codeql-proj/lambda --allow-missing-source-root=false --allow-already-existing -- /home/admin/codeql-proj/db
[2025-06-04 21:34:21] Calling plumbing command: codeql resolve languages --extractor-options-verbosity=1 --format=betterjson
[2025-06-04 21:34:21] [DETAILS] resolve languages> Scanning for [codeql-extractor.yml] from /home/admin/codeql-proj/codeql/.codeqlmanifest.json
[2025-06-04 21:34:21] [DETAILS] resolve languages> Parsing /home/admin/codeql-proj/codeql/actions/codeql-extractor.yml.
[2025-06-04 21:34:21] [DETAILS] resolve languages> Parsing /home/admin/codeql-proj/codeql/cpp/codeql-extractor.yml.
[2025-06-04 21:34:21] [DETAILS] resolve languages> Parsing /home/admin/codeql-proj/codeql/csharp/codeql-extractor.yml.
[2025-06-04 21:34:21] [DETAILS] resolve languages> Parsing /home/admin/codeql-proj/codeql/csv/codeql-extractor.yml.
[2025-06-04 21:34:21] [DETAILS] resolve languages> Parsing /home/admin/codeql-proj/codeql/go/codeql-extractor.yml.
[2025-06-04 21:34:21] [DETAILS] resolve languages> Parsing /home/admin/codeql-proj/codeql/html/codeql-extractor.yml.
[2025-06-04 21:34:21] [DETAILS] resolve languages> Parsing /home/admin/codeql-proj/codeql/java/codeql-extractor.yml.
[2025-06-04 21:34:21] [DETAILS] resolve languages> Parsing /home/admin/codeql-proj/codeql/javascript/codeql-extractor.yml.
[2025-06-04 21:34:21] [DETAILS] resolve languages> Parsing /home/admin/codeql-proj/codeql/properties/codeql-extractor.yml.
[2025-06-04 21:34:21] [DETAILS] resolve languages> Parsing /home/admin/codeql-proj/codeql/python/codeql-extractor.yml.
[2025-06-04 21:34:21] [DETAILS] resolve languages> Parsing /home/admin/codeql-proj/codeql/ruby/codeql-extractor.yml.
[2025-06-04 21:34:21] [DETAILS] resolve languages> Parsing /home/admin/codeql-proj/codeql/swift/codeql-extractor.yml.
[2025-06-04 21:34:21] [DETAILS] resolve languages> Parsing /home/admin/codeql-proj/codeql/xml/codeql-extractor.yml.
[2025-06-04 21:34:21] [DETAILS] resolve languages> Parsing /home/admin/codeql-proj/codeql/yaml/codeql-extractor.yml.
[2025-06-04 21:34:21] Plumbing command codeql resolve languages completed:
                      {
                        "aliases" : {
                          "c" : "cpp",
                          "c++" : "cpp",
                          "c-c++" : "cpp",
                          "c-cpp" : "cpp",
                          "c#" : "csharp",
                          "java-kotlin" : "java",
                          "kotlin" : "java",
                          "javascript-typescript" : "javascript",
                          "typescript" : "javascript"
                        },
                        "extractors" : {
                          "actions" : [
                            {
                              "extractor_root" : "/home/admin/codeql-proj/codeql/actions",
                              "extractor_options" : { }
                            }
                          ],
                          "cpp" : [
                            {
                              "extractor_root" : "/home/admin/codeql-proj/codeql/cpp",
                              "extractor_options" : {
                                "scale_timeouts" : {
                                  "title" : "Value to scale compiler introspection timeouts with",
                                  "description" : "The extractor attempts to determine what compiler the source code being extracted is compiled with. To this end the extractor makes additional calls to the compiler, some of which are expected to return within a certain fixed time (either 10s or 15s). On some systems that are under high load this time might be too short, and can be scaled up using this option.\n",
                                  "type" : "string",
                                  "pattern" : "[0-9]+"
                                },
                                "log_verbosity" : {
                                  "title" : "Verbosity of the extractor logging",
                                  "description" : "Set the verbosity of the extractor logging to 'quiet' (0), 'normal' (1), 'chatty' (2), or 'noisy' (3). The default is 'normal'.\n",
                                  "type" : "string",
                                  "pattern" : "[0-3]"
                                }
                              }
                            }
                          ],
                          "csharp" : [
                            {
                              "extractor_root" : "/home/admin/codeql-proj/codeql/csharp",
                              "extractor_options" : {
                                "trap" : {
                                  "title" : "Options pertaining to TRAP.",
                                  "description" : "Options pertaining to TRAP.",
                                  "type" : "object",
                                  "properties" : {
                                    "compression" : {
                                      "title" : "Controls compression for the TRAP files written by the extractor.",
                                      "description" : "This option is only intended for use in debugging the extractor. Accepted values are 'brotli' (the default, to write brotli-compressed TRAP), 'gzip', and 'none' (to write uncompressed TRAP).\n",
                                      "type" : "string",
                                      "pattern" : "^(none|gzip|brotli)$"
                                    }
                                  }
                                },
                                "buildless" : {
                                  "title" : "DEPRECATED - Whether to use buildless (standalone) extraction.",
                                  "description" : "DEPRECATED: Use `--build-mode none` instead.\nA value indicating, which type of extraction the autobuilder should perform. If 'true', then the standalone extractor will be used, otherwise tracing extraction will be performed. The default is 'false'. Note that buildless extraction will generally yield less accurate analysis results, and should only be used in cases where it is not possible to build the code (for example if it uses inaccessible dependencies).\n",
                                  "type" : "string",
                                  "pattern" : "^(false|true)$"
                                },
                                "logging" : {
                                  "title" : "Options pertaining to logging.",
                                  "description" : "Options pertaining to logging.",
                                  "type" : "object",
                                  "properties" : {
                                    "verbosity" : {
                                      "title" : "Extractor logging verbosity level.",
                                      "description" : "Controls the level of verbosity of the extractor. The supported levels are (in order of increasing verbosity):\n  - off\n  - errors\n  - warnings\n  - info or progress\n  - debug or progress+\n  - trace or progress++\n  - progress+++\n",
                                      "type" : "string",
                                      "pattern" : "^(off|errors|warnings|(info|progress)|(debug|progress\\+)|(trace|progress\\+\\+)|progress\\+\\+\\+)$"
                                    }
                                  }
                                },
                                "binlog" : {
                                  "title" : "Binlog",
                                  "description" : "[EXPERIMENTAL] The value is a path to the MsBuild binary log file that should be extracted. This option only works when `--build-mode none` is also specified.\n",
                                  "type" : "array"
                                }
                              }
                            }
                          ],
                          "csv" : [
                            {
                              "extractor_root" : "/home/admin/codeql-proj/codeql/csv"
                            }
                          ],
                          "go" : [
                            {
                              "extractor_root" : "/home/admin/codeql-proj/codeql/go",
                              "extractor_options" : {
                                "extract_tests" : {
                                  "title" : "Whether to include Go test files in the CodeQL database.",
                                  "description" : "A value indicating whether Go test files should be included in the CodeQL database. The default is 'false'.\n",
                                  "type" : "string",
                                  "pattern" : "^(false|true)$"
                                },
                                "extract_vendor_dirs" : {
                                  "title" : "Whether to include Go vendor directories in the CodeQL database.",
                                  "description" : "A value indicating whether Go vendor directories should be included in the CodeQL database. The default is 'false'.\n",
                                  "type" : "string",
                                  "pattern" : "^(false|true)$"
                                }
                              }
                            }
                          ],
                          "html" : [
                            {
                              "extractor_root" : "/home/admin/codeql-proj/codeql/html"
                            }
                          ],
                          "java" : [
                            {
                              "extractor_root" : "/home/admin/codeql-proj/codeql/java",
                              "extractor_options" : {
                                "exclude" : {
                                  "title" : "A glob excluding files from analysis.",
                                  "description" : "A glob indicating what files to exclude from the analysis. This accepts glob patterns that are supported by Java's 'getPathMatcher' implementation.\n",
                                  "type" : "string"
                                },
                                "add_prefer_source" : {
                                  "title" : "Whether to always prefer source files over class files.",
                                  "description" : "A value indicating whether source files should be preferred over class files. If set to 'true', the extraction adds '-Xprefer:source' to the javac command line. If set to 'false', the extraction uses the default javac behavior ('-Xprefer:newer'). The default is 'true'.\n",
                                  "type" : "string",
                                  "pattern" : "^(false|true)$"
                                },
                                "buildless" : {
                                  "title" : "Whether to use buildless (standalone) extraction (experimental).",
                                  "description" : "A value indicating, which type of extraction the autobuilder should perform. If 'true', then the standalone extractor will be used, otherwise tracing extraction will be performed. The default is 'false'. Note that buildless extraction will generally yield less accurate analysis results, and should only be used in cases where it is not possible to build the code (for example if it uses inaccessible dependencies).\n",
                                  "type" : "string",
                                  "pattern" : "^(false|true)$"
                                },
                                "buildless_dependency_dir" : {
                                  "title" : "The path where buildless (standalone) extraction should keep dependencies.",
                                  "description" : "If set, the buildless (standalone) extractor will store dependencies in this directory.\n",
                                  "type" : "string"
                                },
                                "minimize_dependency_jars" : {
                                  "title" : "Whether to rewrite and minimize downloaded JAR dependencies (experimental).",
                                  "description" : "If 'true', JAR dependencies downloaded during extraction will be rewritten to remove unneeded data, such as method bodies. The default is 'false'.\n",
                                  "type" : "string",
                                  "pattern" : "^(false|true)$"
                                }
                              }
                            }
                          ],
                          "javascript" : [
                            {
                              "extractor_root" : "/home/admin/codeql-proj/codeql/javascript",
                              "extractor_options" : {
                                "skip_types" : {
                                  "title" : "Skip type extraction for TypeScript",
                                  "description" : "Whether to skip the extraction of types in a TypeScript application",
                                  "type" : "string",
                                  "pattern" : "^(false|true)$"
                                }
                              }
                            }
                          ],
                          "properties" : [
                            {
                              "extractor_root" : "/home/admin/codeql-proj/codeql/properties"
                            }
                          ],
                          "python" : [
                            {
                              "extractor_root" : "/home/admin/codeql-proj/codeql/python",
                              "extractor_options" : {
                                "logging" : {
                                  "title" : "Options pertaining to logging.",
                                  "description" : "Options pertaining to logging.",
                                  "type" : "object",
                                  "properties" : {
                                    "verbosity" : {
                                      "title" : "Python extractor logging verbosity level.",
                                      "description" : "Controls the level of verbosity of the CodeQL Python extractor.\nThe supported levels are (in order of increasing verbosity):\n\n  - off\n  - errors\n  - warnings\n  - info or progress\n  - debug or progress+\n  - trace or progress++\n  - progress+++\n",
                                      "type" : "string",
                                      "pattern" : "^(off|errors|warnings|(info|progress)|(debug|progress\\+)|(trace|progress\\+\\+)|progress\\+\\+\\+)$"
                                    }
                                  }
                                },
                                "python_executable_name" : {
                                  "title" : "Controls the name of the Python executable used by the Python extractor.",
                                  "description" : "The Python extractor uses platform-dependent heuristics to determine the name of the Python executable to use. Specifying a value for this option overrides the name of the Python executable used by the extractor. Accepted values are py, python and python3. Use this setting with caution, the Python extractor requires Python 3 to run.\n",
                                  "type" : "string",
                                  "pattern" : "^(py|python|python3)$"
                                }
                              }
                            }
                          ],
                          "ruby" : [
                            {
                              "extractor_root" : "/home/admin/codeql-proj/codeql/ruby",
                              "extractor_options" : {
                                "trap" : {
                                  "title" : "Options pertaining to TRAP.",
                                  "description" : "Options pertaining to TRAP.",
                                  "type" : "object",
                                  "properties" : {
                                    "compression" : {
                                      "title" : "Controls compression for the TRAP files written by the extractor.",
                                      "description" : "This option is only intended for use in debugging the extractor. Accepted values are 'gzip' (the default, to write gzip-compressed TRAP) and 'none' (to write uncompressed TRAP).\n",
                                      "type" : "string",
                                      "pattern" : "^(none|gzip)$"
                                    }
                                  }
                                }
                              }
                            }
                          ],
                          "swift" : [
                            {
                              "extractor_root" : "/home/admin/codeql-proj/codeql/swift"
                            }
                          ],
                          "xml" : [
                            {
                              "extractor_root" : "/home/admin/codeql-proj/codeql/xml"
                            }
                          ],
                          "yaml" : [
                            {
                              "extractor_root" : "/home/admin/codeql-proj/codeql/yaml"
                            }
                          ]
                        }
                      }
[2025-06-04 21:34:21] [PROGRESS] database init> Calculating baseline information in /home/admin/codeql-proj/lambda
[2025-06-04 21:34:21] [SPAMMY] database init> Ignoring the following directories when processing baseline information: .git, .hg, .svn.
[2025-06-04 21:34:21] [DETAILS] database init> Running command in /home/admin/codeql-proj/lambda: /home/admin/codeql-proj/codeql/tools/linux64/scc --by-file --exclude-dir .git,.hg,.svn --format json --no-large --no-min .
[2025-06-04 21:34:21] [SPAMMY] database init> Found 1 baseline files for python.
[2025-06-04 21:34:21] [PROGRESS] database init> Calculated baseline information for languages: python (32ms).
[2025-06-04 21:34:21] [PROGRESS] database init> Resolving extractor python.
[2025-06-04 21:34:21] [DETAILS] database init> Found candidate extractor root for python: /home/admin/codeql-proj/codeql/python.
[2025-06-04 21:34:21] [PROGRESS] database init> Successfully loaded extractor Python (python) from /home/admin/codeql-proj/codeql/python.
[2025-06-04 21:34:21] [PROGRESS] database init> Created skeleton CodeQL database at /home/admin/codeql-proj/db. This in-progress database is ready to be populated by an extractor.
[2025-06-04 21:34:21] Plumbing command codeql database init completed.
[2025-06-04 21:34:21] [PROGRESS] database create> Running build command: []
[2025-06-04 21:34:21] Running plumbing command: codeql database trace-command --working-dir=/home/admin/codeql-proj/lambda --index-traceless-dbs --no-db-cluster -- /home/admin/codeql-proj/db
[2025-06-04 21:34:21] Using autobuild script /home/admin/codeql-proj/codeql/python/tools/autobuild.sh.
[2025-06-04 21:34:21] [PROGRESS] database trace-command> Running command in /home/admin/codeql-proj/lambda: [/home/admin/codeql-proj/codeql/python/tools/autobuild.sh]
[2025-06-04 21:34:22] [build-stderr] /bin/sh: line 1: python2: command not found
[2025-06-04 21:34:22] [build-stdout] No directories containing root identifiers were found. Returning working directory as root.
[2025-06-04 21:34:22] [build-stdout] Will try to guess Python version, as it was not specified in `lgtm.yml`
[2025-06-04 21:34:22] [build-stdout] Trying to guess Python version based on Trove classifiers in setup.py
[2025-06-04 21:34:22] [build-stdout] Did not find setup.py (expected it to be at /home/admin/codeql-proj/lambda/setup.py)
[2025-06-04 21:34:22] [build-stdout] Trying to guess Python version based on travis file
[2025-06-04 21:34:22] [build-stdout] Did not find any travis files (expected them at either ['/home/admin/codeql-proj/lambda/.travis.yml', '/home/admin/codeql-proj/lambda/travis.yml'])
[2025-06-04 21:34:22] [build-stdout] Trying to guess Python version based on installed versions
[2025-06-04 21:34:22] [build-stdout] Wanted to run Python 2, but it is not available. Using Python 3 instead
[2025-06-04 21:34:22] [build-stdout] This script is running Python 3, but Python 2 is also available (as 'python3')
[2025-06-04 21:34:22] [build-stdout] Could not guess Python version, will use default: Python 3
[2025-06-04 21:34:22] [build-stdout] Calling python3 -S /home/admin/codeql-proj/codeql/python/tools/python_tracer.py --verbosity 3 -z all -c /home/admin/codeql-proj/db/working/trap_cache -R /home/admin/codeql-proj/lambda
[2025-06-04 21:34:22] [build-stdout] INFO: The Python extractor has recently stopped extracting the standard library by default. If you encounter problems, please let us know by submitting an issue to https://github.com/github/codeql. It is possible to re-enable extraction of the standard library by setting the environment variable CODEQL_EXTRACTOR_PYTHON_EXTRACT_STDLIB.
[2025-06-04 21:34:22] [build-stdout] [INFO] Extraction will use the Python 3 standard library.
[2025-06-04 21:34:22] [build-stdout] [INFO] sys_path is: ['/home/admin/codeql-proj/codeql/python/tools', '/usr/lib64/python39.zip', '/usr/lib64/python3.9', '/usr/lib64/python3.9/lib-dynload']
[2025-06-04 21:34:22] [build-stdout] [INFO] Python version 3.9.21
[2025-06-04 21:34:22] [build-stdout] [INFO] Python extractor version 7.1.3
[2025-06-04 21:34:22] [build-stdout] [INFO] [7] Extracted folder /home/admin/codeql-proj/lambda/src in 1ms
[2025-06-04 21:34:22] [build-stdout] [INFO] [1] Extracted file /home/admin/codeql-proj/lambda/src/index.py in 40ms
[2025-06-04 21:34:22] [build-stdout] [INFO] [3] Skipped built-in file /usr/lib64/python3.9/datetime.py
[2025-06-04 21:34:22] [build-stdout] [INFO] [5] Skipped built-in file /usr/lib64/python3.9/os.py
[2025-06-04 21:34:22] [build-stdout] [INFO] Processed 4 modules in 0.16s
[2025-06-04 21:34:22] Plumbing command codeql database trace-command completed.
[2025-06-04 21:34:22] [PROGRESS] database create> Finalizing database at /home/admin/codeql-proj/db.
[2025-06-04 21:34:22] Running plumbing command: codeql database finalize --no-db-cluster -- /home/admin/codeql-proj/db
[2025-06-04 21:34:22] Using pre-finalize script /home/admin/codeql-proj/codeql/python/tools/pre-finalize.sh.
[2025-06-04 21:34:22] [PROGRESS] database finalize> Running pre-finalize script /home/admin/codeql-proj/codeql/python/tools/pre-finalize.sh in /home/admin/codeql-proj/lambda.
[2025-06-04 21:34:22] Running plumbing command: codeql database trace-command --working-dir=/home/admin/codeql-proj/lambda --no-tracing -- /home/admin/codeql-proj/db /home/admin/codeql-proj/codeql/python/tools/pre-finalize.sh
[2025-06-04 21:34:22] [PROGRESS] database trace-command> Running command in /home/admin/codeql-proj/lambda: [/home/admin/codeql-proj/codeql/python/tools/pre-finalize.sh]
[2025-06-04 21:34:23] [build-stderr] Scanning for files in /home/admin/codeql-proj/lambda...
[2025-06-04 21:34:23] [build-stderr] /home/admin/codeql-proj/db: Indexing files in in /home/admin/codeql-proj/lambda...
[2025-06-04 21:34:23] [build-stderr] Running command in /home/admin/codeql-proj/lambda: [/home/admin/codeql-proj/codeql/yaml/tools/index-files.sh, /home/admin/codeql-proj/db/working/files-to-index1570533222365234562.list]
[2025-06-04 21:34:24] Plumbing command codeql database trace-command completed.
[2025-06-04 21:34:24] [PROGRESS] database finalize> Running TRAP import for CodeQL database at /home/admin/codeql-proj/db...
[2025-06-04 21:34:24] Running plumbing command: codeql dataset import --dbscheme=/home/admin/codeql-proj/codeql/python/semmlecode.python.dbscheme -- /home/admin/codeql-proj/db/db-python /home/admin/codeql-proj/db/trap/python
[2025-06-04 21:34:24] Clearing disk cache since the version file /home/admin/codeql-proj/db/db-python/default/cache/version does not exist
[2025-06-04 21:34:24] Tuple pool not found. Clearing relations with cached strings
[2025-06-04 21:34:24] Trimming disk cache at /home/admin/codeql-proj/db/db-python/default/cache in mode clear.
[2025-06-04 21:34:24] Sequence stamp origin is -6041613396075323357
[2025-06-04 21:34:24] Pausing evaluation to hard-clear memory at sequence stamp o+0
[2025-06-04 21:34:24] Unpausing evaluation
[2025-06-04 21:34:24] Pausing evaluation to quickly trim disk at sequence stamp o+1
[2025-06-04 21:34:24] Unpausing evaluation
[2025-06-04 21:34:24] Pausing evaluation to zealously trim disk at sequence stamp o+2
[2025-06-04 21:34:24] Unpausing evaluation
[2025-06-04 21:34:24] Trimming completed (12ms): Purged everything.
[2025-06-04 21:34:24] Scanning for files in /home/admin/codeql-proj/db/trap/python
[2025-06-04 21:34:24] Found 8 TRAP files (446.61 KiB)
[2025-06-04 21:34:24] [PROGRESS] dataset import> Importing TRAP files
[2025-06-04 21:34:24] Importing $files.45GExrzMDTO61wcA2kJgXCroBZo=.trap.gz (1 of 8)
[2025-06-04 21:34:24] Importing $flags.l_7-HucYZ8kYc484KgUBLeHNZ2s=.trap.gz (2 of 8)
[2025-06-04 21:34:24] Importing $interpreter3.46dR7t6qxcDgMGRmUH2-wzh_nLY=.trap.gz (3 of 8)
[2025-06-04 21:34:24] Importing $stdlib_33.kvjkS7wV3Dn-UvGXsXCeVefp3OQ=.trap (4 of 8)
[2025-06-04 21:34:24] Importing serverless.yml.trap.gz (5 of 8)
[2025-06-04 21:34:24] Importing index.py.ITU_gxcU_zjXwz9vJiCl8gP35u8=.trap.gz (6 of 8)
[2025-06-04 21:34:24] Importing metadata.trap.gz (7 of 8)
[2025-06-04 21:34:24] Importing src.ivX2jQ852DDXwHdZU0ftBOlwFjc=.trap.gz (8 of 8)
[2025-06-04 21:34:24] [PROGRESS] dataset import> Merging relations
[2025-06-04 21:34:24] Merging 1 fragment for 'files'.
[2025-06-04 21:34:24] Merged 32 bytes for 'files'.
[2025-06-04 21:34:24] Merging 1 fragment for 'folders'.
[2025-06-04 21:34:24] Merged 36 bytes for 'folders'.
[2025-06-04 21:34:24] Merging 1 fragment for 'containerparent'.
[2025-06-04 21:34:24] Merged 42 bytes for 'containerparent'.
[2025-06-04 21:34:24] Merging 1 fragment for 'py_flags_versioned'.
[2025-06-04 21:34:24] Merged 175 bytes for 'py_flags_versioned'.
[2025-06-04 21:34:24] Merging 1 fragment for 'py_cobjects'.
[2025-06-04 21:34:24] Merged 4289 bytes (4.19 KiB) for 'py_cobjects'.
[2025-06-04 21:34:24] Merging 1 fragment for 'py_cobjecttypes'.
[2025-06-04 21:34:24] Merged 4215 bytes (4.12 KiB) for 'py_cobjecttypes'.
[2025-06-04 21:34:24] Merging 1 fragment for 'py_cobject_sources'.
[2025-06-04 21:34:24] Merged 6459 bytes (6.31 KiB) for 'py_cobject_sources'.
[2025-06-04 21:34:24] Merging 1 fragment for 'py_cobjectnames'.
[2025-06-04 21:34:24] Merged 5264 bytes (5.14 KiB) for 'py_cobjectnames'.
[2025-06-04 21:34:24] Merging 1 fragment for 'py_cmembers_versioned'.
[2025-06-04 21:34:24] Merged 6141 bytes (6.00 KiB) for 'py_cmembers_versioned'.
[2025-06-04 21:34:24] Merging 1 fragment for 'py_special_objects'.
[2025-06-04 21:34:24] Merged 134 bytes for 'py_special_objects'.
[2025-06-04 21:34:24] Merging 1 fragment for 'py_citems'.
[2025-06-04 21:34:24] Merged 287 bytes for 'py_citems'.
[2025-06-04 21:34:24] Merging 1 fragment for 'ext_rettype'.
[2025-06-04 21:34:24] Merged 4022 bytes (3.93 KiB) for 'ext_rettype'.
[2025-06-04 21:34:24] Merging 1 fragment for 'ext_argtype'.
[2025-06-04 21:34:24] Merged 6817 bytes (6.66 KiB) for 'ext_argtype'.
[2025-06-04 21:34:24] Merging 1 fragment for 'ext_argreturn'.
[2025-06-04 21:34:24] Merged 41 bytes for 'ext_argreturn'.
[2025-06-04 21:34:24] Merging 1 fragment for 'ext_proptype'.
[2025-06-04 21:34:24] Merged 342 bytes for 'ext_proptype'.
[2025-06-04 21:34:24] Merging 1 fragment for 'yaml_scalars'.
[2025-06-04 21:34:24] Merged 153 bytes for 'yaml_scalars'.
[2025-06-04 21:34:24] Merging 1 fragment for 'yaml'.
[2025-06-04 21:34:24] Merged 366 bytes for 'yaml'.
[2025-06-04 21:34:24] Merging 1 fragment for 'locations_default'.
[2025-06-04 21:34:24] Merged 370 bytes for 'locations_default'.
[2025-06-04 21:34:24] Merging 1 fragment for 'yaml_locations'.
[2025-06-04 21:34:24] Merged 139 bytes for 'yaml_locations'.
[2025-06-04 21:34:24] Merging 1 fragment for 'py_Modules'.
[2025-06-04 21:34:24] Merged 19 bytes for 'py_Modules'.
[2025-06-04 21:34:24] Merging 1 fragment for 'py_module_path'.
[2025-06-04 21:34:24] Merged 30 bytes for 'py_module_path'.
[2025-06-04 21:34:24] Merging 1 fragment for 'variable'.
[2025-06-04 21:34:24] Merged 127 bytes for 'variable'.
[2025-06-04 21:34:24] Merging 1 fragment for 'py_extracted_version'.
[2025-06-04 21:34:24] Merged 27 bytes for 'py_extracted_version'.
[2025-06-04 21:34:24] Merging 1 fragment for 'py_stmt_lists'.
[2025-06-04 21:34:24] Merged 58 bytes for 'py_stmt_lists'.
[2025-06-04 21:34:24] Merging 1 fragment for 'py_stmts'.
[2025-06-04 21:34:24] Merged 110 bytes for 'py_stmts'.
[2025-06-04 21:34:24] Merging 1 fragment for 'py_scopes'.
[2025-06-04 21:34:24] Merged 163 bytes for 'py_scopes'.
[2025-06-04 21:34:24] Merging 1 fragment for 'py_alias_lists'.
[2025-06-04 21:34:24] Merged 37 bytes for 'py_alias_lists'.
[2025-06-04 21:34:24] Merging 1 fragment for 'py_aliases'.
[2025-06-04 21:34:24] Merged 47 bytes for 'py_aliases'.
[2025-06-04 21:34:24] Merging 1 fragment for 'py_exprs'.
[2025-06-04 21:34:24] Merged 489 bytes for 'py_exprs'.
[2025-06-04 21:34:24] Merging 1 fragment for 'py_ints'.
[2025-06-04 21:34:24] Merged 32 bytes for 'py_ints'.
[2025-06-04 21:34:24] Merging 1 fragment for 'py_strs'.
[2025-06-04 21:34:24] Merged 198 bytes for 'py_strs'.
[2025-06-04 21:34:24] Merging 1 fragment for 'py_bools'.
[2025-06-04 21:34:24] Merged 33 bytes for 'py_bools'.
[2025-06-04 21:34:24] Merging 1 fragment for 'py_variables'.
[2025-06-04 21:34:24] Merged 123 bytes for 'py_variables'.
[2025-06-04 21:34:24] Merging 1 fragment for 'py_expr_contexts'.
[2025-06-04 21:34:24] Merged 209 bytes for 'py_expr_contexts'.
[2025-06-04 21:34:24] Merging 1 fragment for 'py_expr_lists'.
[2025-06-04 21:34:24] Merged 127 bytes for 'py_expr_lists'.
[2025-06-04 21:34:24] Merging 1 fragment for 'py_arguments'.
[2025-06-04 21:34:24] Merged 33 bytes for 'py_arguments'.
[2025-06-04 21:34:24] Merging 1 fragment for 'py_Functions'.
[2025-06-04 21:34:24] Merged 33 bytes for 'py_Functions'.
[2025-06-04 21:34:24] Merging 1 fragment for 'py_parameter_lists'.
[2025-06-04 21:34:24] Merged 33 bytes for 'py_parameter_lists'.
[2025-06-04 21:34:24] Merging 1 fragment for 'py_dict_item_lists'.
[2025-06-04 21:34:24] Merged 37 bytes for 'py_dict_item_lists'.
[2025-06-04 21:34:24] Merging 1 fragment for 'py_dict_items'.
[2025-06-04 21:34:24] Merged 77 bytes for 'py_dict_items'.
[2025-06-04 21:34:24] Merging 1 fragment for 'py_numbers'.
[2025-06-04 21:34:24] Merged 52 bytes for 'py_numbers'.
[2025-06-04 21:34:24] Merging 1 fragment for 'py_exports'.
[2025-06-04 21:34:24] Merged 32 bytes for 'py_exports'.
[2025-06-04 21:34:24] Merging 1 fragment for 'py_flow_bb_node'.
[2025-06-04 21:34:24] Merged 452 bytes for 'py_flow_bb_node'.
[2025-06-04 21:34:24] Merging 1 fragment for 'py_scope_flow'.
[2025-06-04 21:34:24] Merged 97 bytes for 'py_scope_flow'.
[2025-06-04 21:34:24] Merging 1 fragment for 'py_successors'.
[2025-06-04 21:34:24] Merged 285 bytes for 'py_successors'.
[2025-06-04 21:34:24] Merging 1 fragment for 'py_exception_successors'.
[2025-06-04 21:34:24] Merged 42 bytes for 'py_exception_successors'.
[2025-06-04 21:34:24] Merging 1 fragment for 'py_idoms'.
[2025-06-04 21:34:24] Merged 261 bytes for 'py_idoms'.
[2025-06-04 21:34:24] Merging 1 fragment for 'py_ssa_var'.
[2025-06-04 21:34:24] Merged 57 bytes for 'py_ssa_var'.
[2025-06-04 21:34:24] Merging 1 fragment for 'py_ssa_defn'.
[2025-06-04 21:34:24] Merged 55 bytes for 'py_ssa_defn'.
[2025-06-04 21:34:24] Merging 1 fragment for 'py_ssa_use'.
[2025-06-04 21:34:24] Merged 58 bytes for 'py_ssa_use'.
[2025-06-04 21:34:24] Merging 1 fragment for 'locations_ast'.
[2025-06-04 21:34:24] Merged 662 bytes for 'locations_ast'.
[2025-06-04 21:34:24] Merging 1 fragment for 'py_scope_location'.
[2025-06-04 21:34:24] Merged 36 bytes for 'py_scope_location'.
[2025-06-04 21:34:24] Merging 1 fragment for 'py_comments'.
[2025-06-04 21:34:24] Merged 46 bytes for 'py_comments'.
[2025-06-04 21:34:24] Merging 1 fragment for 'py_codelines'.
[2025-06-04 21:34:24] Merged 35 bytes for 'py_codelines'.
[2025-06-04 21:34:24] Merging 1 fragment for 'py_commentlines'.
[2025-06-04 21:34:24] Merged 36 bytes for 'py_commentlines'.
[2025-06-04 21:34:24] Merging 1 fragment for 'py_docstringlines'.
[2025-06-04 21:34:24] Merged 35 bytes for 'py_docstringlines'.
[2025-06-04 21:34:24] Merging 1 fragment for 'py_alllines'.
[2025-06-04 21:34:24] Merged 35 bytes for 'py_alllines'.
[2025-06-04 21:34:24] Merging 1 fragment for 'numlines'.
[2025-06-04 21:34:24] Merged 45 bytes for 'numlines'.
[2025-06-04 21:34:24] Merging 1 fragment for 'py_locations'.
[2025-06-04 21:34:24] Merged 287 bytes for 'py_locations'.
[2025-06-04 21:34:24] Merging 1 fragment for 'sourceLocationPrefix'.
[2025-06-04 21:34:24] Merged 17 bytes for 'sourceLocationPrefix'.
[2025-06-04 21:34:24] Saving string and id pools to disk.
[2025-06-04 21:34:24] Finished importing TRAP files.
[2025-06-04 21:34:24] Read 935.58 KiB of uncompressed TRAP data.
[2025-06-04 21:34:24] Uncompressed relation data size: 185.57 KiB
[2025-06-04 21:34:24] Relation data size: 42.96 KiB (merge rate: 575.86 KiB/s)
[2025-06-04 21:34:24] String pool size: 2.06 MiB
[2025-06-04 21:34:24] ID pool size: 1.09 MiB
[2025-06-04 21:34:24] [PROGRESS] dataset import> Finished writing database (relations: 42.96 KiB; string pool: 2.06 MiB).
[2025-06-04 21:34:24] Pausing evaluation to close the cache at sequence stamp o+123
[2025-06-04 21:34:24] The disk cache is freshly trimmed; leave it be.
[2025-06-04 21:34:24] Unpausing evaluation
[2025-06-04 21:34:24] Plumbing command codeql dataset import completed.
[2025-06-04 21:34:24] [PROGRESS] database finalize> TRAP import complete (758ms).
[2025-06-04 21:34:24] Running plumbing command: codeql database cleanup -- /home/admin/codeql-proj/db
[2025-06-04 21:34:24] [PROGRESS] database cleanup> Cleaning up existing TRAP files after import...
[2025-06-04 21:34:24] [PROGRESS] database cleanup> TRAP files cleaned up (1ms).
[2025-06-04 21:34:24] [PROGRESS] database cleanup> Cleaning up scratch directory...
[2025-06-04 21:34:24] [PROGRESS] database cleanup> Scratch directory cleaned up (1ms).
[2025-06-04 21:34:24] Running plumbing command: codeql dataset cleanup -- /home/admin/codeql-proj/db/db-python
[2025-06-04 21:34:24] [PROGRESS] dataset cleanup> Cleaning up dataset in /home/admin/codeql-proj/db/db-python.
[2025-06-04 21:34:24] Trimming disk cache at /home/admin/codeql-proj/db/db-python/default/cache in mode trim.
[2025-06-04 21:34:24] Sequence stamp origin is -6041613393222260819
[2025-06-04 21:34:24] Pausing evaluation to quickly trim memory at sequence stamp o+0
[2025-06-04 21:34:24] Unpausing evaluation
[2025-06-04 21:34:24] Pausing evaluation to zealously trim disk at sequence stamp o+1
[2025-06-04 21:34:24] Unpausing evaluation
[2025-06-04 21:34:24] Trimming completed (2ms): Trimmed disposable data from cache.
[2025-06-04 21:34:24] Pausing evaluation to close the cache at sequence stamp o+2
[2025-06-04 21:34:24] The disk cache is freshly trimmed; leave it be.
[2025-06-04 21:34:24] Unpausing evaluation
[2025-06-04 21:34:24] [PROGRESS] dataset cleanup> Trimmed disposable data from cache.
[2025-06-04 21:34:24] [PROGRESS] dataset cleanup> Finalizing dataset in /home/admin/codeql-proj/db/db-python
[2025-06-04 21:34:24] [DETAILS] dataset cleanup> Finished deleting ID pool from /home/admin/codeql-proj/db/db-python (1ms).
[2025-06-04 21:34:24] Plumbing command codeql dataset cleanup completed.
[2025-06-04 21:34:24] Plumbing command codeql database cleanup completed with status 0.
[2025-06-04 21:34:24] [PROGRESS] database finalize> Finished zipping source archive (1.11 KiB).
[2025-06-04 21:34:24] Plumbing command codeql database finalize completed.
[2025-06-04 21:34:24] [PROGRESS] database create> Successfully created database at /home/admin/codeql-proj/db.
[2025-06-04 21:34:24] Terminating normally.
