[2025-06-04 21:45:43] This is codeql execute queries -J-Xmx1800M --off-heap-ram=1302 --verbosity=progress --logdir=/home/admin/codeql-proj/db/log --evaluator-log-level=5 --warnings=show --qlconfig-file=/home/admin/codeql-proj/qlconfig.yml --dynamic-join-order-mode=none -- /home/admin/codeql-proj/db/db-python path:/home/admin/codeql-proj/codeql-custom-queries-python/example.ql
[2025-06-04 21:45:43] Calling plumbing command: codeql resolve queries --qlconfig-file=/home/admin/codeql-proj/qlconfig.yml --format=json -- path:/home/admin/codeql-proj/codeql-custom-queries-python/example.ql
[2025-06-04 21:45:44] [PROGRESS] resolve queries> Recording pack reference getting-started/codeql-extra-queries-python at /home/admin/codeql-proj/codeql-custom-queries-python.
[2025-06-04 21:45:44] Plumbing command codeql resolve queries completed:
                      [
                        "/home/admin/codeql-proj/codeql-custom-queries-python/example.ql"
                      ]
[2025-06-04 21:45:44] Creating executor with 1 threads.
[2025-06-04 21:45:44] Calling plumbing command: codeql resolve extensions --qlconfig-file=/home/admin/codeql-proj/qlconfig.yml --include-extension-row-locations path:/home/admin/codeql-proj/codeql-custom-queries-python/example.ql
[2025-06-04 21:45:44] Calling plumbing command: codeql resolve queries --qlconfig-file=/home/admin/codeql-proj/qlconfig.yml --allow-library-packs --format startingpacks -- path:/home/admin/codeql-proj/codeql-custom-queries-python/example.ql
[2025-06-04 21:45:44] [PROGRESS] resolve queries> Recording pack reference getting-started/codeql-extra-queries-python at /home/admin/codeql-proj/codeql-custom-queries-python.
[2025-06-04 21:45:44] Plumbing command codeql resolve queries completed:
                      [
                        "/home/admin/codeql-proj/codeql-custom-queries-python"
                      ]
[2025-06-04 21:45:44] Calling plumbing command: codeql resolve extensions-by-pack --qlconfig-file=/home/admin/codeql-proj/qlconfig.yml --include-extension-row-locations -- /home/admin/codeql-proj/codeql-custom-queries-python
[2025-06-04 21:45:44] [SPAMMY] resolve extensions-by-pack> [INCOMPATIBILITY] getting-started/codeql-extra-queries-python: not 1.0.0 {root: getting-started/codeql-extra-queries-python@1.0.0}
[2025-06-04 21:45:44] [SPAMMY] resolve extensions-by-pack> [DERIVATION] getting-started/codeql-extra-queries-python: 1.0.0 {getting-started/codeql-extra-queries-python: not 1.0.0 {root: getting-started/codeql-extra-queries-python@1.0.0}}
[2025-06-04 21:45:44] [SPAMMY] resolve extensions-by-pack> [INCOMPATIBILITY] getting-started/codeql-extra-queries-python: * [*], codeql/python-all: not * [*] {dependency: getting-started/codeql-extra-queries-python@* [*] requires codeql/python-all@^4.0.5}
[2025-06-04 21:45:44] [SPAMMY] resolve extensions-by-pack> [DECISION 1] getting-started/codeql-extra-queries-python: 1.0.0
[2025-06-04 21:45:44] [SPAMMY] resolve extensions-by-pack> [DERIVATION] codeql/python-all: * [*] {getting-started/codeql-extra-queries-python: * [*], codeql/python-all: not * [*] {dependency: getting-started/codeql-extra-queries-python@* [*] requires codeql/python-all@^4.0.5}}
[2025-06-04 21:45:44] [SPAMMY] resolve extensions-by-pack> [INCOMPATIBILITY] codeql/python-all: * [*], codeql/dataflow: not * [*] {dependency: codeql/python-all@* [*] requires codeql/dataflow@2.0.8}
[2025-06-04 21:45:44] [SPAMMY] resolve extensions-by-pack> [INCOMPATIBILITY] codeql/python-all: * [*], codeql/mad: not * [*] {dependency: codeql/python-all@* [*] requires codeql/mad@1.0.24}
[2025-06-04 21:45:44] [SPAMMY] resolve extensions-by-pack> [INCOMPATIBILITY] codeql/python-all: * [*], codeql/regex: not * [*] {dependency: codeql/python-all@* [*] requires codeql/regex@1.0.24}
[2025-06-04 21:45:44] [SPAMMY] resolve extensions-by-pack> [INCOMPATIBILITY] codeql/python-all: * [*], codeql/threat-models: not * [*] {dependency: codeql/python-all@* [*] requires codeql/threat-models@1.0.24}
[2025-06-04 21:45:44] [SPAMMY] resolve extensions-by-pack> [INCOMPATIBILITY] codeql/python-all: * [*], codeql/tutorial: not * [*] {dependency: codeql/python-all@* [*] requires codeql/tutorial@1.0.24}
[2025-06-04 21:45:44] [SPAMMY] resolve extensions-by-pack> [INCOMPATIBILITY] codeql/python-all: * [*], codeql/util: not * [*] {dependency: codeql/python-all@* [*] requires codeql/util@2.0.11}
[2025-06-04 21:45:44] [SPAMMY] resolve extensions-by-pack> [INCOMPATIBILITY] codeql/python-all: * [*], codeql/xml: not * [*] {dependency: codeql/python-all@* [*] requires codeql/xml@1.0.24}
[2025-06-04 21:45:44] [SPAMMY] resolve extensions-by-pack> [INCOMPATIBILITY] codeql/python-all: * [*], codeql/yaml: not * [*] {dependency: codeql/python-all@* [*] requires codeql/yaml@1.0.24}
[2025-06-04 21:45:44] [SPAMMY] resolve extensions-by-pack> [DECISION 2] codeql/python-all: 4.0.8
[2025-06-04 21:45:44] [SPAMMY] resolve extensions-by-pack> [DERIVATION] codeql/yaml: * [*] {codeql/python-all: * [*], codeql/yaml: not * [*] {dependency: codeql/python-all@* [*] requires codeql/yaml@1.0.24}}
[2025-06-04 21:45:44] [SPAMMY] resolve extensions-by-pack> [DERIVATION] codeql/xml: * [*] {codeql/python-all: * [*], codeql/xml: not * [*] {dependency: codeql/python-all@* [*] requires codeql/xml@1.0.24}}
[2025-06-04 21:45:44] [SPAMMY] resolve extensions-by-pack> [DERIVATION] codeql/util: * [*] {codeql/python-all: * [*], codeql/util: not * [*] {dependency: codeql/python-all@* [*] requires codeql/util@2.0.11}}
[2025-06-04 21:45:44] [SPAMMY] resolve extensions-by-pack> [DERIVATION] codeql/tutorial: * [*] {codeql/python-all: * [*], codeql/tutorial: not * [*] {dependency: codeql/python-all@* [*] requires codeql/tutorial@1.0.24}}
[2025-06-04 21:45:44] [SPAMMY] resolve extensions-by-pack> [DERIVATION] codeql/threat-models: * [*] {codeql/python-all: * [*], codeql/threat-models: not * [*] {dependency: codeql/python-all@* [*] requires codeql/threat-models@1.0.24}}
[2025-06-04 21:45:44] [SPAMMY] resolve extensions-by-pack> [DERIVATION] codeql/regex: * [*] {codeql/python-all: * [*], codeql/regex: not * [*] {dependency: codeql/python-all@* [*] requires codeql/regex@1.0.24}}
[2025-06-04 21:45:44] [SPAMMY] resolve extensions-by-pack> [DERIVATION] codeql/mad: * [*] {codeql/python-all: * [*], codeql/mad: not * [*] {dependency: codeql/python-all@* [*] requires codeql/mad@1.0.24}}
[2025-06-04 21:45:44] [SPAMMY] resolve extensions-by-pack> [DERIVATION] codeql/dataflow: * [*] {codeql/python-all: * [*], codeql/dataflow: not * [*] {dependency: codeql/python-all@* [*] requires codeql/dataflow@2.0.8}}
[2025-06-04 21:45:44] [SPAMMY] resolve extensions-by-pack> [INCOMPATIBILITY] codeql/dataflow: * [*], codeql/ssa: not * [*] {dependency: codeql/dataflow@* [*] requires codeql/ssa@2.0.0}
[2025-06-04 21:45:44] [SPAMMY] resolve extensions-by-pack> [INCOMPATIBILITY] codeql/dataflow: * [*], codeql/typetracking: not * [*] {dependency: codeql/dataflow@* [*] requires codeql/typetracking@2.0.8}
[2025-06-04 21:45:44] [SPAMMY] resolve extensions-by-pack> [INCOMPATIBILITY] codeql/dataflow: * [*], codeql/util: not * [*] {dependency: codeql/dataflow@* [*] requires codeql/util@2.0.11}
[2025-06-04 21:45:44] [SPAMMY] resolve extensions-by-pack> [DECISION 3] codeql/dataflow: 2.0.8
[2025-06-04 21:45:44] [SPAMMY] resolve extensions-by-pack> [DERIVATION] codeql/typetracking: * [*] {codeql/dataflow: * [*], codeql/typetracking: not * [*] {dependency: codeql/dataflow@* [*] requires codeql/typetracking@2.0.8}}
[2025-06-04 21:45:44] [SPAMMY] resolve extensions-by-pack> [DERIVATION] codeql/ssa: * [*] {codeql/dataflow: * [*], codeql/ssa: not * [*] {dependency: codeql/dataflow@* [*] requires codeql/ssa@2.0.0}}
[2025-06-04 21:45:44] [SPAMMY] resolve extensions-by-pack> [INCOMPATIBILITY] codeql/mad: * [*], codeql/dataflow: not * [*] {dependency: codeql/mad@* [*] requires codeql/dataflow@2.0.8}
[2025-06-04 21:45:44] [SPAMMY] resolve extensions-by-pack> [INCOMPATIBILITY] codeql/mad: * [*], codeql/util: not * [*] {dependency: codeql/mad@* [*] requires codeql/util@2.0.11}
[2025-06-04 21:45:44] [SPAMMY] resolve extensions-by-pack> [DECISION 4] codeql/mad: 1.0.24
[2025-06-04 21:45:44] [SPAMMY] resolve extensions-by-pack> [INCOMPATIBILITY] codeql/regex: * [*], codeql/util: not * [*] {dependency: codeql/regex@* [*] requires codeql/util@2.0.11}
[2025-06-04 21:45:44] [SPAMMY] resolve extensions-by-pack> [DECISION 5] codeql/regex: 1.0.24
[2025-06-04 21:45:44] [SPAMMY] resolve extensions-by-pack> [INCOMPATIBILITY] codeql/ssa: * [*], codeql/util: not * [*] {dependency: codeql/ssa@* [*] requires codeql/util@2.0.11}
[2025-06-04 21:45:44] [SPAMMY] resolve extensions-by-pack> [DECISION 6] codeql/ssa: 2.0.0
[2025-06-04 21:45:44] [SPAMMY] resolve extensions-by-pack> [DECISION 7] codeql/threat-models: 1.0.24
[2025-06-04 21:45:44] [SPAMMY] resolve extensions-by-pack> [DECISION 8] codeql/tutorial: 1.0.24
[2025-06-04 21:45:44] [SPAMMY] resolve extensions-by-pack> [INCOMPATIBILITY] codeql/typetracking: * [*], codeql/util: not * [*] {dependency: codeql/typetracking@* [*] requires codeql/util@2.0.11}
[2025-06-04 21:45:44] [SPAMMY] resolve extensions-by-pack> [DECISION 9] codeql/typetracking: 2.0.8
[2025-06-04 21:45:44] [SPAMMY] resolve extensions-by-pack> [DECISION 10] codeql/util: 2.0.11
[2025-06-04 21:45:44] [SPAMMY] resolve extensions-by-pack> [INCOMPATIBILITY] codeql/xml: * [*], codeql/util: not * [*] {dependency: codeql/xml@* [*] requires codeql/util@2.0.11}
[2025-06-04 21:45:44] [SPAMMY] resolve extensions-by-pack> [DECISION 11] codeql/xml: 1.0.24
[2025-06-04 21:45:44] [SPAMMY] resolve extensions-by-pack> [DECISION 12] codeql/yaml: 1.0.24
[2025-06-04 21:45:44] [PROGRESS] resolve extensions-by-pack> Loading data extensions in /home/admin/codeql-proj/codeql/qlpacks/codeql/python-all/4.0.8/ext/default-threat-models-fixup.model.yml.
[2025-06-04 21:45:44] [DETAILS] resolve extensions-by-pack>   Found extension targeting codeql/threat-models:threatModelConfiguration: 1 tuples.
[2025-06-04 21:45:44] [PROGRESS] resolve extensions-by-pack> Loading data extensions in /home/admin/codeql-proj/codeql/qlpacks/codeql/python-all/4.0.8/semmle/python/frameworks/Asyncpg.model.yml.
[2025-06-04 21:45:44] [DETAILS] resolve extensions-by-pack>   Found extension targeting codeql/python-all:sinkModel: 5 tuples.
[2025-06-04 21:45:44] [DETAILS] resolve extensions-by-pack>   Found extension targeting codeql/python-all:typeModel: 6 tuples.
[2025-06-04 21:45:44] [PROGRESS] resolve extensions-by-pack> Loading data extensions in /home/admin/codeql-proj/codeql/qlpacks/codeql/python-all/4.0.8/semmle/python/frameworks/Stdlib.model.yml.
[2025-06-04 21:45:44] [DETAILS] resolve extensions-by-pack>   Found extension targeting codeql/python-all:sourceModel: 12 tuples.
[2025-06-04 21:45:44] [DETAILS] resolve extensions-by-pack>   Found extension targeting codeql/python-all:sinkModel: 1 tuples.
[2025-06-04 21:45:44] [DETAILS] resolve extensions-by-pack>   Found extension targeting codeql/python-all:summaryModel: 66 tuples.
[2025-06-04 21:45:44] [DETAILS] resolve extensions-by-pack>   Found extension targeting codeql/python-all:neutralModel: 0 tuples.
[2025-06-04 21:45:44] [DETAILS] resolve extensions-by-pack>   Found extension targeting codeql/python-all:typeModel: 0 tuples.
[2025-06-04 21:45:44] [DETAILS] resolve extensions-by-pack>   Found extension targeting codeql/python-all:typeVariableModel: 0 tuples.
[2025-06-04 21:45:44] [PROGRESS] resolve extensions-by-pack> Loading data extensions in /home/admin/codeql-proj/codeql/qlpacks/codeql/python-all/4.0.8/semmle/python/frameworks/data/internal/empty.model.yml.
[2025-06-04 21:45:44] [DETAILS] resolve extensions-by-pack>   Found extension targeting codeql/python-all:sourceModel: 0 tuples.
[2025-06-04 21:45:44] [DETAILS] resolve extensions-by-pack>   Found extension targeting codeql/python-all:sinkModel: 0 tuples.
[2025-06-04 21:45:44] [DETAILS] resolve extensions-by-pack>   Found extension targeting codeql/python-all:summaryModel: 0 tuples.
[2025-06-04 21:45:44] [DETAILS] resolve extensions-by-pack>   Found extension targeting codeql/python-all:neutralModel: 0 tuples.
[2025-06-04 21:45:44] [DETAILS] resolve extensions-by-pack>   Found extension targeting codeql/python-all:typeModel: 0 tuples.
[2025-06-04 21:45:44] [DETAILS] resolve extensions-by-pack>   Found extension targeting codeql/python-all:typeVariableModel: 0 tuples.
[2025-06-04 21:45:45] [PROGRESS] resolve extensions-by-pack> Loading data extensions in /home/admin/codeql-proj/codeql/qlpacks/codeql/python-all/4.0.8/semmle/python/frameworks/data/internal/subclass-capture/ALL.model.yml.
[2025-06-04 21:45:45] [DETAILS] resolve extensions-by-pack>   Found extension targeting codeql/python-all:typeModel: 58275 tuples.
[2025-06-04 21:45:45] [PROGRESS] resolve extensions-by-pack> Loading data extensions in /home/admin/codeql-proj/codeql/qlpacks/codeql/threat-models/1.0.24/ext/supported-threat-models.model.yml.
[2025-06-04 21:45:45] [DETAILS] resolve extensions-by-pack>   Found extension targeting codeql/threat-models:threatModelConfiguration: 1 tuples.
[2025-06-04 21:45:45] [PROGRESS] resolve extensions-by-pack> Loading data extensions in /home/admin/codeql-proj/codeql/qlpacks/codeql/threat-models/1.0.24/ext/threat-model-grouping.model.yml.
[2025-06-04 21:45:45] [DETAILS] resolve extensions-by-pack>   Found extension targeting codeql/threat-models:threatModelGrouping: 15 tuples.
[2025-06-04 21:45:45] [PROGRESS] resolve extensions-by-pack> Loading data extensions in /home/admin/codeql-proj/codeql/qlpacks/codeql/util/2.0.11/ext/default-alert-filter.yml.
[2025-06-04 21:45:45] [DETAILS] resolve extensions-by-pack>   Found extension targeting codeql/util:restrictAlertsTo: 0 tuples.
[2025-06-04 21:45:45] [DETAILS] resolve extensions-by-pack>   Found extension targeting codeql/util:restrictAlertsToExactLocation: 0 tuples.
[2025-06-04 21:45:45] Plumbing command codeql resolve extensions-by-pack completed:
                      {
                        "models" : [ ],
                        "data" : {
                          "/home/admin/codeql-proj/codeql-custom-queries-python" : [
                            {
                              "predicate" : "threatModelConfiguration",
                              "file" : "/home/admin/codeql-proj/codeql/qlpacks/codeql/python-all/4.0.8/ext/default-threat-models-fixup.model.yml",
                              "index" : 0,
                              "firstRowId" : 0,
                              "rowCount" : 1,
                              "predicateHasOrigin" : false,
                              "locations" : {
                                "lineNumbers" : "A=8",
                                "columnNumbers" : "A=9"
                              }
                            },
                            {
                              "predicate" : "sinkModel",
                              "file" : "/home/admin/codeql-proj/codeql/qlpacks/codeql/python-all/4.0.8/semmle/python/frameworks/Asyncpg.model.yml",
                              "index" : 0,
                              "firstRowId" : 1,
                              "rowCount" : 5,
                              "predicateHasOrigin" : true,
                              "locations" : {
                                "lineNumbers" : "A=7+1+2+1+2",
                                "columnNumbers" : "A=9*5"
                              }
                            },
                            {
                              "predicate" : "typeModel",
                              "file" : "/home/admin/codeql-proj/codeql/qlpacks/codeql/python-all/4.0.8/semmle/python/frameworks/Asyncpg.model.yml",
                              "index" : 1,
                              "firstRowId" : 6,
                              "rowCount" : 6,
                              "predicateHasOrigin" : false,
                              "locations" : {
                                "lineNumbers" : "A=20+4+1*2+2+1",
                                "columnNumbers" : "A=9*6"
                              }
                            },
                            {
                              "predicate" : "sourceModel",
                              "file" : "/home/admin/codeql-proj/codeql/qlpacks/codeql/python-all/4.0.8/semmle/python/frameworks/Stdlib.model.yml",
                              "index" : 0,
                              "firstRowId" : 12,
                              "rowCount" : 12,
                              "predicateHasOrigin" : true,
                              "locations" : {
                                "lineNumbers" : "A=6+1*4+2+1+2+1*2+4+2",
                                "columnNumbers" : "A=9*12"
                              }
                            },
                            {
                              "predicate" : "sinkModel",
                              "file" : "/home/admin/codeql-proj/codeql/qlpacks/codeql/python-all/4.0.8/semmle/python/frameworks/Stdlib.model.yml",
                              "index" : 1,
                              "firstRowId" : 24,
                              "rowCount" : 1,
                              "predicateHasOrigin" : true,
                              "locations" : {
                                "lineNumbers" : "A=29",
                                "columnNumbers" : "A=9"
                              }
                            },
                            {
                              "predicate" : "summaryModel",
                              "file" : "/home/admin/codeql-proj/codeql/qlpacks/codeql/python-all/4.0.8/semmle/python/frameworks/Stdlib.model.yml",
                              "index" : 2,
                              "firstRowId" : 25,
                              "rowCount" : 66,
                              "predicateHasOrigin" : true,
                              "locations" : {
                                "lineNumbers" : "A=37+1+2+4+2*2+4+2*3+1+2+1+2+1+2+4+2+4+2*2+3+2*2+3+1+2*4+4+1+4+1+4+1*5+2*4+4+1+2*11+3+2+3+4+1+2*2+1+2",
                                "columnNumbers" : "A=9*66"
                              }
                            },
                            {
                              "predicate" : "neutralModel",
                              "file" : "/home/admin/codeql-proj/codeql/qlpacks/codeql/python-all/4.0.8/semmle/python/frameworks/Stdlib.model.yml",
                              "index" : 3,
                              "firstRowId" : 91,
                              "rowCount" : 0,
                              "predicateHasOrigin" : false,
                              "locations" : {
                                "lineNumbers" : "A",
                                "columnNumbers" : "A"
                              }
                            },
                            {
                              "predicate" : "typeModel",
                              "file" : "/home/admin/codeql-proj/codeql/qlpacks/codeql/python-all/4.0.8/semmle/python/frameworks/Stdlib.model.yml",
                              "index" : 4,
                              "firstRowId" : 91,
                              "rowCount" : 0,
                              "predicateHasOrigin" : false,
                              "locations" : {
                                "lineNumbers" : "A",
                                "columnNumbers" : "A"
                              }
                            },
                            {
                              "predicate" : "typeVariableModel",
                              "file" : "/home/admin/codeql-proj/codeql/qlpacks/codeql/python-all/4.0.8/semmle/python/frameworks/Stdlib.model.yml",
                              "index" : 5,
                              "firstRowId" : 91,
                              "rowCount" : 0,
                              "predicateHasOrigin" : false,
                              "locations" : {
                                "lineNumbers" : "A",
                                "columnNumbers" : "A"
                              }
                            },
                            {
                              "predicate" : "sourceModel",
                              "file" : "/home/admin/codeql-proj/codeql/qlpacks/codeql/python-all/4.0.8/semmle/python/frameworks/data/internal/empty.model.yml",
                              "index" : 0,
                              "firstRowId" : 91,
                              "rowCount" : 0,
                              "predicateHasOrigin" : true,
                              "locations" : {
                                "lineNumbers" : "A",
                                "columnNumbers" : "A"
                              }
                            },
                            {
                              "predicate" : "sinkModel",
                              "file" : "/home/admin/codeql-proj/codeql/qlpacks/codeql/python-all/4.0.8/semmle/python/frameworks/data/internal/empty.model.yml",
                              "index" : 1,
                              "firstRowId" : 91,
                              "rowCount" : 0,
                              "predicateHasOrigin" : true,
                              "locations" : {
                                "lineNumbers" : "A",
                                "columnNumbers" : "A"
                              }
                            },
                            {
                              "predicate" : "summaryModel",
                              "file" : "/home/admin/codeql-proj/codeql/qlpacks/codeql/python-all/4.0.8/semmle/python/frameworks/data/internal/empty.model.yml",
                              "index" : 2,
                              "firstRowId" : 91,
                              "rowCount" : 0,
                              "predicateHasOrigin" : true,
                              "locations" : {
                                "lineNumbers" : "A",
                                "columnNumbers" : "A"
                              }
                            },
                            {
                              "predicate" : "neutralModel",
                              "file" : "/home/admin/codeql-proj/codeql/qlpacks/codeql/python-all/4.0.8/semmle/python/frameworks/data/internal/empty.model.yml",
                              "index" : 3,
                              "firstRowId" : 91,
                              "rowCount" : 0,
                              "predicateHasOrigin" : false,
                              "locations" : {
                                "lineNumbers" : "A",
                                "columnNumbers" : "A"
                              }
                            },
                            {
                              "predicate" : "typeModel",
                              "file" : "/home/admin/codeql-proj/codeql/qlpacks/codeql/python-all/4.0.8/semmle/python/frameworks/data/internal/empty.model.yml",
                              "index" : 4,
                              "firstRowId" : 91,
                              "rowCount" : 0,
                              "predicateHasOrigin" : false,
                              "locations" : {
                                "lineNumbers" : "A",
                                "columnNumbers" : "A"
                              }
                            },
                            {
                              "predicate" : "typeVariableModel",
                              "file" : "/home/admin/codeql-proj/codeql/qlpacks/codeql/python-all/4.0.8/semmle/python/frameworks/data/internal/empty.model.yml",
                              "index" : 5,
                              "firstRowId" : 91,
                              "rowCount" : 0,
                              "predicateHasOrigin" : false,
                              "locations" : {
                                "lineNumbers" : "A",
                                "columnNumbers" : "A"
                              }
                            },
                            {
                              "predicate" : "typeModel",
                              "file" : "/home/admin/codeql-proj/codeql/qlpacks/codeql/python-all/4.0.8/semmle/python/frameworks/data/internal/subclass-capture/ALL.model.yml",
                              "index" : 0,
                              "firstRowId" : 91,
                              "rowCount" : 58275,
                              "predicateHasOrigin" : false,
                              "locations" : {
                                "lineNumbers" : "A=7+3*58274",
                                "columnNumbers" : "A=5*58275"
                              }
                            },
                            {
                              "predicate" : "threatModelConfiguration",
                              "file" : "/home/admin/codeql-proj/codeql/qlpacks/codeql/threat-models/1.0.24/ext/supported-threat-models.model.yml",
                              "index" : 0,
                              "firstRowId" : 58366,
                              "rowCount" : 1,
                              "predicateHasOrigin" : false,
                              "locations" : {
                                "lineNumbers" : "A=6",
                                "columnNumbers" : "A=9"
                              }
                            },
                            {
                              "predicate" : "threatModelGrouping",
                              "file" : "/home/admin/codeql-proj/codeql/qlpacks/codeql/threat-models/1.0.24/ext/threat-model-grouping.model.yml",
                              "index" : 0,
                              "firstRowId" : 58367,
                              "rowCount" : 15,
                              "predicateHasOrigin" : false,
                              "locations" : {
                                "lineNumbers" : "A=8+3+1+3+1*5+3+1+5+1*3",
                                "columnNumbers" : "A=9*15"
                              }
                            },
                            {
                              "predicate" : "restrictAlertsTo",
                              "file" : "/home/admin/codeql-proj/codeql/qlpacks/codeql/util/2.0.11/ext/default-alert-filter.yml",
                              "index" : 0,
                              "firstRowId" : 58382,
                              "rowCount" : 0,
                              "predicateHasOrigin" : false,
                              "locations" : {
                                "lineNumbers" : "A",
                                "columnNumbers" : "A"
                              }
                            },
                            {
                              "predicate" : "restrictAlertsToExactLocation",
                              "file" : "/home/admin/codeql-proj/codeql/qlpacks/codeql/util/2.0.11/ext/default-alert-filter.yml",
                              "index" : 1,
                              "firstRowId" : 58382,
                              "rowCount" : 0,
                              "predicateHasOrigin" : false,
                              "locations" : {
                                "lineNumbers" : "A",
                                "columnNumbers" : "A"
                              }
                            }
                          ]
                        },
                        "threatModels" : {
                          "/home/admin/codeql-proj/codeql-custom-queries-python" : {
                            "extensions" : [
                              {
                                "data" : [ ],
                                "addsTo" : {
                                  "extensible" : "threatModelConfiguration",
                                  "checkPresence" : true,
                                  "packName" : "codeql/threat-models"
                                }
                              }
                            ]
                          }
                        },
                        "extensionPacks" : [ ]
                      }
[2025-06-04 21:45:45] Plumbing command codeql resolve extensions completed:
                      {
                        "models" : [ ],
                        "data" : {
                          "/home/admin/codeql-proj/codeql-custom-queries-python" : [
                            {
                              "predicate" : "threatModelConfiguration",
                              "file" : "/home/admin/codeql-proj/codeql/qlpacks/codeql/python-all/4.0.8/ext/default-threat-models-fixup.model.yml",
                              "index" : 0,
                              "firstRowId" : 0,
                              "rowCount" : 1,
                              "predicateHasOrigin" : false,
                              "locations" : {
                                "lineNumbers" : "A=8",
                                "columnNumbers" : "A=9"
                              }
                            },
                            {
                              "predicate" : "sinkModel",
                              "file" : "/home/admin/codeql-proj/codeql/qlpacks/codeql/python-all/4.0.8/semmle/python/frameworks/Asyncpg.model.yml",
                              "index" : 0,
                              "firstRowId" : 1,
                              "rowCount" : 5,
                              "predicateHasOrigin" : true,
                              "locations" : {
                                "lineNumbers" : "A=7+1+2+1+2",
                                "columnNumbers" : "A=9*5"
                              }
                            },
                            {
                              "predicate" : "typeModel",
                              "file" : "/home/admin/codeql-proj/codeql/qlpacks/codeql/python-all/4.0.8/semmle/python/frameworks/Asyncpg.model.yml",
                              "index" : 1,
                              "firstRowId" : 6,
                              "rowCount" : 6,
                              "predicateHasOrigin" : false,
                              "locations" : {
                                "lineNumbers" : "A=20+4+1*2+2+1",
                                "columnNumbers" : "A=9*6"
                              }
                            },
                            {
                              "predicate" : "sourceModel",
                              "file" : "/home/admin/codeql-proj/codeql/qlpacks/codeql/python-all/4.0.8/semmle/python/frameworks/Stdlib.model.yml",
                              "index" : 0,
                              "firstRowId" : 12,
                              "rowCount" : 12,
                              "predicateHasOrigin" : true,
                              "locations" : {
                                "lineNumbers" : "A=6+1*4+2+1+2+1*2+4+2",
                                "columnNumbers" : "A=9*12"
                              }
                            },
                            {
                              "predicate" : "sinkModel",
                              "file" : "/home/admin/codeql-proj/codeql/qlpacks/codeql/python-all/4.0.8/semmle/python/frameworks/Stdlib.model.yml",
                              "index" : 1,
                              "firstRowId" : 24,
                              "rowCount" : 1,
                              "predicateHasOrigin" : true,
                              "locations" : {
                                "lineNumbers" : "A=29",
                                "columnNumbers" : "A=9"
                              }
                            },
                            {
                              "predicate" : "summaryModel",
                              "file" : "/home/admin/codeql-proj/codeql/qlpacks/codeql/python-all/4.0.8/semmle/python/frameworks/Stdlib.model.yml",
                              "index" : 2,
                              "firstRowId" : 25,
                              "rowCount" : 66,
                              "predicateHasOrigin" : true,
                              "locations" : {
                                "lineNumbers" : "A=37+1+2+4+2*2+4+2*3+1+2+1+2+1+2+4+2+4+2*2+3+2*2+3+1+2*4+4+1+4+1+4+1*5+2*4+4+1+2*11+3+2+3+4+1+2*2+1+2",
                                "columnNumbers" : "A=9*66"
                              }
                            },
                            {
                              "predicate" : "neutralModel",
                              "file" : "/home/admin/codeql-proj/codeql/qlpacks/codeql/python-all/4.0.8/semmle/python/frameworks/Stdlib.model.yml",
                              "index" : 3,
                              "firstRowId" : 91,
                              "rowCount" : 0,
                              "predicateHasOrigin" : false,
                              "locations" : {
                                "lineNumbers" : "A",
                                "columnNumbers" : "A"
                              }
                            },
                            {
                              "predicate" : "typeModel",
                              "file" : "/home/admin/codeql-proj/codeql/qlpacks/codeql/python-all/4.0.8/semmle/python/frameworks/Stdlib.model.yml",
                              "index" : 4,
                              "firstRowId" : 91,
                              "rowCount" : 0,
                              "predicateHasOrigin" : false,
                              "locations" : {
                                "lineNumbers" : "A",
                                "columnNumbers" : "A"
                              }
                            },
                            {
                              "predicate" : "typeVariableModel",
                              "file" : "/home/admin/codeql-proj/codeql/qlpacks/codeql/python-all/4.0.8/semmle/python/frameworks/Stdlib.model.yml",
                              "index" : 5,
                              "firstRowId" : 91,
                              "rowCount" : 0,
                              "predicateHasOrigin" : false,
                              "locations" : {
                                "lineNumbers" : "A",
                                "columnNumbers" : "A"
                              }
                            },
                            {
                              "predicate" : "sourceModel",
                              "file" : "/home/admin/codeql-proj/codeql/qlpacks/codeql/python-all/4.0.8/semmle/python/frameworks/data/internal/empty.model.yml",
                              "index" : 0,
                              "firstRowId" : 91,
                              "rowCount" : 0,
                              "predicateHasOrigin" : true,
                              "locations" : {
                                "lineNumbers" : "A",
                                "columnNumbers" : "A"
                              }
                            },
                            {
                              "predicate" : "sinkModel",
                              "file" : "/home/admin/codeql-proj/codeql/qlpacks/codeql/python-all/4.0.8/semmle/python/frameworks/data/internal/empty.model.yml",
                              "index" : 1,
                              "firstRowId" : 91,
                              "rowCount" : 0,
                              "predicateHasOrigin" : true,
                              "locations" : {
                                "lineNumbers" : "A",
                                "columnNumbers" : "A"
                              }
                            },
                            {
                              "predicate" : "summaryModel",
                              "file" : "/home/admin/codeql-proj/codeql/qlpacks/codeql/python-all/4.0.8/semmle/python/frameworks/data/internal/empty.model.yml",
                              "index" : 2,
                              "firstRowId" : 91,
                              "rowCount" : 0,
                              "predicateHasOrigin" : true,
                              "locations" : {
                                "lineNumbers" : "A",
                                "columnNumbers" : "A"
                              }
                            },
                            {
                              "predicate" : "neutralModel",
                              "file" : "/home/admin/codeql-proj/codeql/qlpacks/codeql/python-all/4.0.8/semmle/python/frameworks/data/internal/empty.model.yml",
                              "index" : 3,
                              "firstRowId" : 91,
                              "rowCount" : 0,
                              "predicateHasOrigin" : false,
                              "locations" : {
                                "lineNumbers" : "A",
                                "columnNumbers" : "A"
                              }
                            },
                            {
                              "predicate" : "typeModel",
                              "file" : "/home/admin/codeql-proj/codeql/qlpacks/codeql/python-all/4.0.8/semmle/python/frameworks/data/internal/empty.model.yml",
                              "index" : 4,
                              "firstRowId" : 91,
                              "rowCount" : 0,
                              "predicateHasOrigin" : false,
                              "locations" : {
                                "lineNumbers" : "A",
                                "columnNumbers" : "A"
                              }
                            },
                            {
                              "predicate" : "typeVariableModel",
                              "file" : "/home/admin/codeql-proj/codeql/qlpacks/codeql/python-all/4.0.8/semmle/python/frameworks/data/internal/empty.model.yml",
                              "index" : 5,
                              "firstRowId" : 91,
                              "rowCount" : 0,
                              "predicateHasOrigin" : false,
                              "locations" : {
                                "lineNumbers" : "A",
                                "columnNumbers" : "A"
                              }
                            },
                            {
                              "predicate" : "typeModel",
                              "file" : "/home/admin/codeql-proj/codeql/qlpacks/codeql/python-all/4.0.8/semmle/python/frameworks/data/internal/subclass-capture/ALL.model.yml",
                              "index" : 0,
                              "firstRowId" : 91,
                              "rowCount" : 58275,
                              "predicateHasOrigin" : false,
                              "locations" : {
                                "lineNumbers" : "A=7+3*58274",
                                "columnNumbers" : "A=5*58275"
                              }
                            },
                            {
                              "predicate" : "threatModelConfiguration",
                              "file" : "/home/admin/codeql-proj/codeql/qlpacks/codeql/threat-models/1.0.24/ext/supported-threat-models.model.yml",
                              "index" : 0,
                              "firstRowId" : 58366,
                              "rowCount" : 1,
                              "predicateHasOrigin" : false,
                              "locations" : {
                                "lineNumbers" : "A=6",
                                "columnNumbers" : "A=9"
                              }
                            },
                            {
                              "predicate" : "threatModelGrouping",
                              "file" : "/home/admin/codeql-proj/codeql/qlpacks/codeql/threat-models/1.0.24/ext/threat-model-grouping.model.yml",
                              "index" : 0,
                              "firstRowId" : 58367,
                              "rowCount" : 15,
                              "predicateHasOrigin" : false,
                              "locations" : {
                                "lineNumbers" : "A=8+3+1+3+1*5+3+1+5+1*3",
                                "columnNumbers" : "A=9*15"
                              }
                            },
                            {
                              "predicate" : "restrictAlertsTo",
                              "file" : "/home/admin/codeql-proj/codeql/qlpacks/codeql/util/2.0.11/ext/default-alert-filter.yml",
                              "index" : 0,
                              "firstRowId" : 58382,
                              "rowCount" : 0,
                              "predicateHasOrigin" : false,
                              "locations" : {
                                "lineNumbers" : "A",
                                "columnNumbers" : "A"
                              }
                            },
                            {
                              "predicate" : "restrictAlertsToExactLocation",
                              "file" : "/home/admin/codeql-proj/codeql/qlpacks/codeql/util/2.0.11/ext/default-alert-filter.yml",
                              "index" : 1,
                              "firstRowId" : 58382,
                              "rowCount" : 0,
                              "predicateHasOrigin" : false,
                              "locations" : {
                                "lineNumbers" : "A",
                                "columnNumbers" : "A"
                              }
                            }
                          ]
                        },
                        "threatModels" : {
                          "/home/admin/codeql-proj/codeql-custom-queries-python" : {
                            "extensions" : [
                              {
                                "data" : [ ],
                                "addsTo" : {
                                  "extensible" : "threatModelConfiguration",
                                  "checkPresence" : true,
                                  "packName" : "codeql/threat-models"
                                }
                              }
                            ]
                          }
                        },
                        "extensionPacks" : [ ]
                      }
[2025-06-04 21:45:46] Calling plumbing command: codeql resolve library-path --qlconfig-file=/home/admin/codeql-proj/qlconfig.yml --query=/home/admin/codeql-proj/codeql-custom-queries-python/example.ql --format=json
[2025-06-04 21:45:46] [DETAILS] resolve library-path> Resolving query at normalized path /home/admin/codeql-proj/codeql-custom-queries-python/example.ql.
[2025-06-04 21:45:46] [DETAILS] resolve library-path> Found enclosing pack 'getting-started/codeql-extra-queries-python' at /home/admin/codeql-proj/codeql-custom-queries-python.
[2025-06-04 21:45:46] [DETAILS] resolve library-path> Adding compilation cache at /home/admin/.codeql/compile-cache.
[2025-06-04 21:45:46] [DETAILS] resolve library-path> Resolving library dependencies from /home/admin/codeql-proj/codeql-custom-queries-python/codeql-pack.yml.
[2025-06-04 21:45:46] [SPAMMY] resolve library-path> [INCOMPATIBILITY] getting-started/codeql-extra-queries-python: not 1.0.0 {root: getting-started/codeql-extra-queries-python@1.0.0}
[2025-06-04 21:45:46] [SPAMMY] resolve library-path> [DERIVATION] getting-started/codeql-extra-queries-python: 1.0.0 {getting-started/codeql-extra-queries-python: not 1.0.0 {root: getting-started/codeql-extra-queries-python@1.0.0}}
[2025-06-04 21:45:46] [SPAMMY] resolve library-path> [INCOMPATIBILITY] getting-started/codeql-extra-queries-python: * [*], codeql/python-all: not * [*] {dependency: getting-started/codeql-extra-queries-python@* [*] requires codeql/python-all@^4.0.5}
[2025-06-04 21:45:46] [SPAMMY] resolve library-path> [DECISION 1] getting-started/codeql-extra-queries-python: 1.0.0
[2025-06-04 21:45:46] [SPAMMY] resolve library-path> [DERIVATION] codeql/python-all: * [*] {getting-started/codeql-extra-queries-python: * [*], codeql/python-all: not * [*] {dependency: getting-started/codeql-extra-queries-python@* [*] requires codeql/python-all@^4.0.5}}
[2025-06-04 21:45:46] [SPAMMY] resolve library-path> [INCOMPATIBILITY] codeql/python-all: * [*], codeql/dataflow: not * [*] {dependency: codeql/python-all@* [*] requires codeql/dataflow@2.0.8}
[2025-06-04 21:45:46] [SPAMMY] resolve library-path> [INCOMPATIBILITY] codeql/python-all: * [*], codeql/mad: not * [*] {dependency: codeql/python-all@* [*] requires codeql/mad@1.0.24}
[2025-06-04 21:45:46] [SPAMMY] resolve library-path> [INCOMPATIBILITY] codeql/python-all: * [*], codeql/regex: not * [*] {dependency: codeql/python-all@* [*] requires codeql/regex@1.0.24}
[2025-06-04 21:45:46] [SPAMMY] resolve library-path> [INCOMPATIBILITY] codeql/python-all: * [*], codeql/threat-models: not * [*] {dependency: codeql/python-all@* [*] requires codeql/threat-models@1.0.24}
[2025-06-04 21:45:46] [SPAMMY] resolve library-path> [INCOMPATIBILITY] codeql/python-all: * [*], codeql/tutorial: not * [*] {dependency: codeql/python-all@* [*] requires codeql/tutorial@1.0.24}
[2025-06-04 21:45:46] [SPAMMY] resolve library-path> [INCOMPATIBILITY] codeql/python-all: * [*], codeql/util: not * [*] {dependency: codeql/python-all@* [*] requires codeql/util@2.0.11}
[2025-06-04 21:45:46] [SPAMMY] resolve library-path> [INCOMPATIBILITY] codeql/python-all: * [*], codeql/xml: not * [*] {dependency: codeql/python-all@* [*] requires codeql/xml@1.0.24}
[2025-06-04 21:45:46] [SPAMMY] resolve library-path> [INCOMPATIBILITY] codeql/python-all: * [*], codeql/yaml: not * [*] {dependency: codeql/python-all@* [*] requires codeql/yaml@1.0.24}
[2025-06-04 21:45:46] [SPAMMY] resolve library-path> [DECISION 2] codeql/python-all: 4.0.8
[2025-06-04 21:45:46] [SPAMMY] resolve library-path> [DERIVATION] codeql/yaml: * [*] {codeql/python-all: * [*], codeql/yaml: not * [*] {dependency: codeql/python-all@* [*] requires codeql/yaml@1.0.24}}
[2025-06-04 21:45:46] [SPAMMY] resolve library-path> [DERIVATION] codeql/xml: * [*] {codeql/python-all: * [*], codeql/xml: not * [*] {dependency: codeql/python-all@* [*] requires codeql/xml@1.0.24}}
[2025-06-04 21:45:46] [SPAMMY] resolve library-path> [DERIVATION] codeql/util: * [*] {codeql/python-all: * [*], codeql/util: not * [*] {dependency: codeql/python-all@* [*] requires codeql/util@2.0.11}}
[2025-06-04 21:45:46] [SPAMMY] resolve library-path> [DERIVATION] codeql/tutorial: * [*] {codeql/python-all: * [*], codeql/tutorial: not * [*] {dependency: codeql/python-all@* [*] requires codeql/tutorial@1.0.24}}
[2025-06-04 21:45:46] [SPAMMY] resolve library-path> [DERIVATION] codeql/threat-models: * [*] {codeql/python-all: * [*], codeql/threat-models: not * [*] {dependency: codeql/python-all@* [*] requires codeql/threat-models@1.0.24}}
[2025-06-04 21:45:46] [SPAMMY] resolve library-path> [DERIVATION] codeql/regex: * [*] {codeql/python-all: * [*], codeql/regex: not * [*] {dependency: codeql/python-all@* [*] requires codeql/regex@1.0.24}}
[2025-06-04 21:45:46] [SPAMMY] resolve library-path> [DERIVATION] codeql/mad: * [*] {codeql/python-all: * [*], codeql/mad: not * [*] {dependency: codeql/python-all@* [*] requires codeql/mad@1.0.24}}
[2025-06-04 21:45:46] [SPAMMY] resolve library-path> [DERIVATION] codeql/dataflow: * [*] {codeql/python-all: * [*], codeql/dataflow: not * [*] {dependency: codeql/python-all@* [*] requires codeql/dataflow@2.0.8}}
[2025-06-04 21:45:46] [SPAMMY] resolve library-path> [INCOMPATIBILITY] codeql/dataflow: * [*], codeql/ssa: not * [*] {dependency: codeql/dataflow@* [*] requires codeql/ssa@2.0.0}
[2025-06-04 21:45:46] [SPAMMY] resolve library-path> [INCOMPATIBILITY] codeql/dataflow: * [*], codeql/typetracking: not * [*] {dependency: codeql/dataflow@* [*] requires codeql/typetracking@2.0.8}
[2025-06-04 21:45:46] [SPAMMY] resolve library-path> [INCOMPATIBILITY] codeql/dataflow: * [*], codeql/util: not * [*] {dependency: codeql/dataflow@* [*] requires codeql/util@2.0.11}
[2025-06-04 21:45:46] [SPAMMY] resolve library-path> [DECISION 3] codeql/dataflow: 2.0.8
[2025-06-04 21:45:46] [SPAMMY] resolve library-path> [DERIVATION] codeql/typetracking: * [*] {codeql/dataflow: * [*], codeql/typetracking: not * [*] {dependency: codeql/dataflow@* [*] requires codeql/typetracking@2.0.8}}
[2025-06-04 21:45:46] [SPAMMY] resolve library-path> [DERIVATION] codeql/ssa: * [*] {codeql/dataflow: * [*], codeql/ssa: not * [*] {dependency: codeql/dataflow@* [*] requires codeql/ssa@2.0.0}}
[2025-06-04 21:45:46] [SPAMMY] resolve library-path> [INCOMPATIBILITY] codeql/mad: * [*], codeql/dataflow: not * [*] {dependency: codeql/mad@* [*] requires codeql/dataflow@2.0.8}
[2025-06-04 21:45:46] [SPAMMY] resolve library-path> [INCOMPATIBILITY] codeql/mad: * [*], codeql/util: not * [*] {dependency: codeql/mad@* [*] requires codeql/util@2.0.11}
[2025-06-04 21:45:46] [SPAMMY] resolve library-path> [DECISION 4] codeql/mad: 1.0.24
[2025-06-04 21:45:46] [SPAMMY] resolve library-path> [INCOMPATIBILITY] codeql/regex: * [*], codeql/util: not * [*] {dependency: codeql/regex@* [*] requires codeql/util@2.0.11}
[2025-06-04 21:45:46] [SPAMMY] resolve library-path> [DECISION 5] codeql/regex: 1.0.24
[2025-06-04 21:45:46] [SPAMMY] resolve library-path> [INCOMPATIBILITY] codeql/ssa: * [*], codeql/util: not * [*] {dependency: codeql/ssa@* [*] requires codeql/util@2.0.11}
[2025-06-04 21:45:46] [SPAMMY] resolve library-path> [DECISION 6] codeql/ssa: 2.0.0
[2025-06-04 21:45:46] [SPAMMY] resolve library-path> [DECISION 7] codeql/threat-models: 1.0.24
[2025-06-04 21:45:46] [SPAMMY] resolve library-path> [DECISION 8] codeql/tutorial: 1.0.24
[2025-06-04 21:45:46] [SPAMMY] resolve library-path> [INCOMPATIBILITY] codeql/typetracking: * [*], codeql/util: not * [*] {dependency: codeql/typetracking@* [*] requires codeql/util@2.0.11}
[2025-06-04 21:45:46] [SPAMMY] resolve library-path> [DECISION 9] codeql/typetracking: 2.0.8
[2025-06-04 21:45:46] [SPAMMY] resolve library-path> [DECISION 10] codeql/util: 2.0.11
[2025-06-04 21:45:46] [SPAMMY] resolve library-path> [INCOMPATIBILITY] codeql/xml: * [*], codeql/util: not * [*] {dependency: codeql/xml@* [*] requires codeql/util@2.0.11}
[2025-06-04 21:45:46] [SPAMMY] resolve library-path> [DECISION 11] codeql/xml: 1.0.24
[2025-06-04 21:45:46] [SPAMMY] resolve library-path> [DECISION 12] codeql/yaml: 1.0.24
[2025-06-04 21:45:46] [DETAILS] resolve library-path> QL pack dependencies for /home/admin/codeql-proj/codeql-custom-queries-python resolved OK.
[2025-06-04 21:45:46] [DETAILS] resolve library-path> Found dbscheme through QL packs: /home/admin/codeql-proj/codeql/qlpacks/codeql/python-all/4.0.8/semmlecode.python.dbscheme.
[2025-06-04 21:45:46] Plumbing command codeql resolve library-path completed:
                      {
                        "libraryPath" : [
                          "/home/admin/codeql-proj/codeql-custom-queries-python",
                          "/home/admin/codeql-proj/codeql/qlpacks/codeql/python-all/4.0.8",
                          "/home/admin/codeql-proj/codeql/qlpacks/codeql/dataflow/2.0.8",
                          "/home/admin/codeql-proj/codeql/qlpacks/codeql/mad/1.0.24",
                          "/home/admin/codeql-proj/codeql/qlpacks/codeql/regex/1.0.24",
                          "/home/admin/codeql-proj/codeql/qlpacks/codeql/ssa/2.0.0",
                          "/home/admin/codeql-proj/codeql/qlpacks/codeql/threat-models/1.0.24",
                          "/home/admin/codeql-proj/codeql/qlpacks/codeql/tutorial/1.0.24",
                          "/home/admin/codeql-proj/codeql/qlpacks/codeql/typetracking/2.0.8",
                          "/home/admin/codeql-proj/codeql/qlpacks/codeql/util/2.0.11",
                          "/home/admin/codeql-proj/codeql/qlpacks/codeql/xml/1.0.24",
                          "/home/admin/codeql-proj/codeql/qlpacks/codeql/yaml/1.0.24"
                        ],
                        "dbscheme" : "/home/admin/codeql-proj/codeql/qlpacks/codeql/python-all/4.0.8/semmlecode.python.dbscheme",
                        "compilationCache" : [
                          "/home/admin/.codeql/compile-cache"
                        ],
                        "relativeName" : "getting-started/codeql-extra-queries-python/example.ql",
                        "qlPackName" : "getting-started/codeql-extra-queries-python"
                      }
[2025-06-04 21:45:46] [PROGRESS] execute queries> Compiling query plan for /home/admin/codeql-proj/codeql-custom-queries-python/example.ql.
[2025-06-04 21:45:46] [DETAILS] execute queries> Resolving imports for /home/admin/codeql-proj/codeql-custom-queries-python/example.ql.
[2025-06-04 21:45:46] Resolved file set for /home/admin/codeql-proj/codeql-custom-queries-python/example.ql hashes to 42946daacca545744bb26683f9729aab.
[2025-06-04 21:45:46] [DETAILS] execute queries> Checking QL for /home/admin/codeql-proj/codeql-custom-queries-python/example.ql.
[2025-06-04 21:45:46] Stale frontend caches are invalidated based on import graph reachability.
[2025-06-04 21:45:46] ExternalModuleBindingPass ...
[2025-06-04 21:45:47] ExternalModuleBindingPass time: 00:00.700
[2025-06-04 21:45:47] CollectInstantiationsPass ...
[2025-06-04 21:45:47] CollectInstantiationsPass time: 00:00.240
[2025-06-04 21:45:47] Ql checks ...
[2025-06-04 21:45:50] Ql checks time: 00:02.372
[2025-06-04 21:45:53] [ERROR] execute queries> ERROR: query module contains multiple select clauses (/home/admin/codeql-proj/codeql-custom-queries-python/example.ql:1,1-1)
[2025-06-04 21:45:53] [WARN] execute queries> WARNING: unused variable 'base' (/home/admin/codeql-proj/codeql-custom-queries-python/example.ql:33,32-36)
[2025-06-04 21:45:53] Sequence stamp origin is -6041610475149005900
[2025-06-04 21:45:53] Pausing evaluation to close the cache at sequence stamp o+0
[2025-06-04 21:45:53] The disk cache is freshly trimmed; leave it be.
[2025-06-04 21:45:53] Unpausing evaluation
[2025-06-04 21:45:53] This NaiveBuddyAllocator requested 0 eviction rounds.
[2025-06-04 21:45:53] Exiting with code 2
